<?xml version="1.0" encoding="UTF-8"?>
<!-- Generated by org.testng.reporters.JUnitXMLReporter -->
<testsuite ignored="4" hostname="Dhee" failures="0" tests="5" name="My Test" time="42.949" errors="0" timestamp="2023-07-10T14:50:24 IST">
  <testcase classname="testcases.BaseTest" name="@BeforeClass setup" time="0.001">
    <failure type="java.lang.NullPointerException" message="Cannot invoke &amp;quot;org.openqa.selenium.WebDriver.get(String)&amp;quot; because &amp;quot;this.driver&amp;quot; is null">
      <![CDATA[java.lang.NullPointerException: Cannot invoke "org.openqa.selenium.WebDriver.get(String)" because "this.driver" is null
at testcases.BaseTest.setup(BaseTest.java:71)
at java.base/java.util.ArrayList.forEach(ArrayList.java:1511)
... Removed 25 stack frames]]>
    </failure>
  </testcase> <!-- @BeforeClass setup -->
  <testcase classname="testcases.BaseTest" name="@BeforeMethod loginToApp" time="-1.688980824329E9">
    <skipped/>
  </testcase> <!-- @BeforeMethod loginToApp -->
  <testcase classname="testcases.BaseTest" name="@AfterMethod logoutFromApp" time="-1.688980824332E9">
    <skipped/>
  </testcase> <!-- @AfterMethod logoutFromApp -->
  <testcase classname="testcases.BaseTest" name="@BeforeMethod loginToApp" time="-1.688980824333E9">
    <skipped/>
  </testcase> <!-- @BeforeMethod loginToApp -->
  <testcase classname="testcases.BaseTest" name="@AfterMethod logoutFromApp" time="-1.688980824337E9">
    <skipped/>
  </testcase> <!-- @AfterMethod logoutFromApp -->
  <testcase classname="testcases.BaseTest" name="@BeforeMethod loginToApp" time="-1.688980824338E9">
    <skipped/>
  </testcase> <!-- @BeforeMethod loginToApp -->
  <testcase classname="testcases.BaseTest" name="@AfterMethod logoutFromApp" time="-1.688980824341E9">
    <skipped/>
  </testcase> <!-- @AfterMethod logoutFromApp -->
  <testcase classname="testcases.BaseTest" name="@AfterClass tearDown" time="-1.688980824342E9">
    <skipped/>
  </testcase> <!-- @AfterClass tearDown -->
  <testcase classname="testcases.TC001_StockIN" name="newStockGeneral" time="16.686"/>
  <testcase classname="testcases.TC001_StockIN" name="newStockGeneral" time="13.731"/>
  <testcase classname="testcases.TC001_StockTransfer" name="TransferStock" time="0.0">
    <skipped/>
  </testcase> <!-- TransferStock -->
  <testcase classname="testcases.TC001_StockTransfer" name="TransferStock" time="0.0">
    <skipped/>
  </testcase> <!-- TransferStock -->
  <testcase classname="testcases.TC001_StockTransfer" name="TransferStock" time="0.0">
    <skipped/>
  </testcase> <!-- TransferStock -->
  <testcase classname="testcases.BaseTest" name="@AfterTest shutDown" time="0.0">
    <ignored/>
  </testcase> <!-- @AfterTest shutDown -->
  <testcase classname="testcases.BaseTest" name="@BeforeTest configure" time="0.0">
    <ignored/>
  </testcase> <!-- @BeforeTest configure -->
  <testcase classname="testcases.BaseTest" name="@AfterSuite endServer" time="0.0">
    <ignored/>
  </testcase> <!-- @AfterSuite endServer -->
  <testcase classname="testcases.BaseTest" name="@BeforeSuite environment" time="0.0">
    <ignored/>
  </testcase> <!-- @BeforeSuite environment -->
</testsuite> <!-- My Test -->
