<?xml version="1.0" encoding="UTF-8"?>
<!-- Generated by org.testng.reporters.JUnitXMLReporter -->
<testsuite ignored="2" hostname="Dhee" failures="0" tests="5" name="Test" time="52.659" errors="0" timestamp="2023-07-10T14:22:30 IST">
  <testcase classname="testcases.BaseTest" name="@BeforeClass setup" time="0.001">
    <failure type="java.lang.NullPointerException" message="Cannot invoke &amp;quot;org.openqa.selenium.WebDriver.manage()&amp;quot; because &amp;quot;this.driver&amp;quot; is null">
      <![CDATA[java.lang.NullPointerException: Cannot invoke "org.openqa.selenium.WebDriver.manage()" because "this.driver" is null
at testcases.BaseTest.setup(BaseTest.java:59)
at java.base/java.util.ArrayList.forEach(ArrayList.java:1511)
... Removed 25 stack frames]]>
    </failure>
  </testcase> <!-- @BeforeClass setup -->
  <testcase classname="testcases.BaseTest" name="@BeforeMethod loginToApp" time="-1.688979150356E9">
    <skipped/>
  </testcase> <!-- @BeforeMethod loginToApp -->
  <testcase classname="testcases.BaseTest" name="@AfterMethod logoutFromApp" time="-1.68897915036E9">
    <skipped/>
  </testcase> <!-- @AfterMethod logoutFromApp -->
  <testcase classname="testcases.BaseTest" name="@BeforeMethod loginToApp" time="-1.688979150361E9">
    <skipped/>
  </testcase> <!-- @BeforeMethod loginToApp -->
  <testcase classname="testcases.BaseTest" name="@AfterMethod logoutFromApp" time="-1.688979150365E9">
    <skipped/>
  </testcase> <!-- @AfterMethod logoutFromApp -->
  <testcase classname="testcases.BaseTest" name="@BeforeMethod loginToApp" time="-1.688979150366E9">
    <skipped/>
  </testcase> <!-- @BeforeMethod loginToApp -->
  <testcase classname="testcases.BaseTest" name="@AfterMethod logoutFromApp" time="-1.688979150369E9">
    <skipped/>
  </testcase> <!-- @AfterMethod logoutFromApp -->
  <testcase classname="testcases.BaseTest" name="@AfterClass tearDown" time="-1.68897915037E9">
    <skipped/>
  </testcase> <!-- @AfterClass tearDown -->
  <testcase classname="testcases.TC001_StockIN" name="newStockGeneral" time="11.39"/>
  <testcase classname="testcases.TC001_StockIN" name="newStockGeneral" time="14.414"/>
  <testcase classname="testcases.TC001_StockTransfer" name="TransferStock" time="0.0">
    <skipped/>
  </testcase> <!-- TransferStock -->
  <testcase classname="testcases.TC001_StockTransfer" name="TransferStock" time="0.0">
    <skipped/>
  </testcase> <!-- TransferStock -->
  <testcase classname="testcases.TC001_StockTransfer" name="TransferStock" time="0.0">
    <skipped/>
  </testcase> <!-- TransferStock -->
  <testcase classname="testcases.BaseTest" name="@AfterTest shutDown" time="0.0">
    <ignored/>
  </testcase> <!-- @AfterTest shutDown -->
  <testcase classname="testcases.BaseTest" name="@BeforeTest environment" time="0.0">
    <ignored/>
  </testcase> <!-- @BeforeTest environment -->
</testsuite> <!-- Test -->
