<?xml version="1.0" encoding="UTF-8"?>
<testng-results ignored="0" total="1" passed="1" failed="0" skipped="0">
  <reporter-output>
    <line>
      <![CDATA[Chrome is being launched!]]>
    </line>
    <line>
      <![CDATA[Setup complete]]>
    </line>
    <line>
      <![CDATA[Login success]]>
    </line>
    <line>
      <![CDATA[successfully clicked Cash Bill]]>
    </line>
    <line>
      <![CDATA[New Button clicked successfully]]>
    </line>
    <line>
      <![CDATA[Mobile number entered successfully]]>
    </line>
    <line>
      <![CDATA[Customer Name entered successfully]]>
    </line>
    <line>
      <![CDATA[Barcode scanned successfully]]>
    </line>
    <line>
      <![CDATA[Selected : Cash]]>
    </line>
    <line>
      <![CDATA[successfully clicked Product Registry Manager]]>
    </line>
    <line>
      <![CDATA[Barcode Qty is : 998]]>
    </line>
    <line>
      <![CDATA[Scrolled to the bottom]]>
    </line>
    <line>
      <![CDATA[Click on save button successfully ]]>
    </line>
    <line>
      <![CDATA[Click on Cash Bill saved successfully popup]]>
    </line>
    <line>
      <![CDATA[Csale no : [[ChromeDriver: chrome on windows (683f941099ee1f65b7d581c55a489476)] -> xpath: //input[@id='ctl00_ContentPlaceHolder1_txtBillNo']]]]>
    </line>
    <line>
      <![CDATA[successfully clicked Product Registry Manager]]>
    </line>
    <line>
      <![CDATA[Barcode Qty is : 997]]>
    </line>
    <line>
      <![CDATA[Logout Success!!]]>
    </line>
    <line>
      <![CDATA[Teardown Success!!]]>
    </line>
    <line>
      <![CDATA[Shutdown Success!!]]>
    </line>
  </reporter-output>
  <suite started-at="2023-07-10T16:11:01 IST" name="Default suite" finished-at="2023-07-10T16:11:33 IST" duration-ms="31916">
    <groups>
    </groups>
    <test started-at="2023-07-10T16:11:01 IST" name="Default test" finished-at="2023-07-10T16:11:33 IST" duration-ms="31916">
      <class name="testcasesBO.TC001_TaxInvoice">
        <test-method is-config="true" signature="environment()[pri:0, instance:testcasesBO.TC001_TaxInvoice@47e2e487]" started-at="2023-07-10T16:11:01 IST" name="environment" finished-at="2023-07-10T16:11:13 IST" duration-ms="12561" status="PASS">
          <reporter-output>
            <line>
              <![CDATA[Chrome is being launched!]]>
            </line>
          </reporter-output>
        </test-method> <!-- environment -->
        <test-method is-config="true" signature="setup()[pri:0, instance:testcasesBO.TC001_TaxInvoice@47e2e487]" started-at="2023-07-10T16:11:13 IST" name="setup" finished-at="2023-07-10T16:11:14 IST" duration-ms="141" status="PASS">
          <reporter-output>
            <line>
              <![CDATA[Setup complete]]>
            </line>
          </reporter-output>
        </test-method> <!-- setup -->
        <test-method is-config="true" signature="loginToApp()[pri:0, instance:testcasesBO.TC001_TaxInvoice@47e2e487]" started-at="2023-07-10T16:11:14 IST" name="loginToApp" finished-at="2023-07-10T16:11:20 IST" duration-ms="5904" status="PASS">
          <reporter-output>
            <line>
              <![CDATA[Login success]]>
            </line>
          </reporter-output>
        </test-method> <!-- loginToApp -->
        <test-method signature="invoice(java.lang.String)[pri:0, instance:testcasesBO.TC001_TaxInvoice@47e2e487]" started-at="2023-07-10T16:11:20 IST" name="invoice" description="Testing orderform" data-provider="smokeTest" finished-at="2023-07-10T16:11:32 IST" duration-ms="11849" status="PASS">
          <params>
            <param index="0">
              <value>
                <![CDATA[FESS77773XFES00P]]>
              </value>
            </param>
          </params>
          <reporter-output>
            <line>
              <![CDATA[successfully clicked Cash Bill]]>
            </line>
            <line>
              <![CDATA[New Button clicked successfully]]>
            </line>
            <line>
              <![CDATA[Mobile number entered successfully]]>
            </line>
            <line>
              <![CDATA[Customer Name entered successfully]]>
            </line>
            <line>
              <![CDATA[Barcode scanned successfully]]>
            </line>
            <line>
              <![CDATA[Selected : Cash]]>
            </line>
            <line>
              <![CDATA[successfully clicked Product Registry Manager]]>
            </line>
            <line>
              <![CDATA[Barcode Qty is : 998]]>
            </line>
            <line>
              <![CDATA[Scrolled to the bottom]]>
            </line>
            <line>
              <![CDATA[Click on save button successfully ]]>
            </line>
            <line>
              <![CDATA[Click on Cash Bill saved successfully popup]]>
            </line>
            <line>
              <![CDATA[Csale no : [[ChromeDriver: chrome on windows (683f941099ee1f65b7d581c55a489476)] -> xpath: //input[@id='ctl00_ContentPlaceHolder1_txtBillNo']]]]>
            </line>
            <line>
              <![CDATA[successfully clicked Product Registry Manager]]>
            </line>
            <line>
              <![CDATA[Barcode Qty is : 997]]>
            </line>
          </reporter-output>
        </test-method> <!-- invoice -->
        <test-method is-config="true" signature="logoutFromApp(org.testng.ITestResult)[pri:0, instance:testcasesBO.TC001_TaxInvoice@47e2e487]" started-at="2023-07-10T16:11:32 IST" name="logoutFromApp" finished-at="2023-07-10T16:11:32 IST" duration-ms="420" status="PASS">
          <params>
            <param index="0">
              <value>
                <![CDATA[[TestResult name=invoice status=SUCCESS method=TC001_TaxInvoice.invoice(java.lang.String)[pri:0, instance:testcasesBO.TC001_TaxInvoice@47e2e487] output=successfully clicked Cash Bill]]]>
              </value>
            </param>
          </params>
          <reporter-output>
            <line>
              <![CDATA[Logout Success!!]]>
            </line>
          </reporter-output>
        </test-method> <!-- logoutFromApp -->
        <test-method is-config="true" signature="tearDown()[pri:0, instance:testcasesBO.TC001_TaxInvoice@47e2e487]" started-at="2023-07-10T16:11:32 IST" name="tearDown" finished-at="2023-07-10T16:11:33 IST" duration-ms="353" status="PASS">
          <reporter-output>
            <line>
              <![CDATA[Teardown Success!!]]>
            </line>
          </reporter-output>
        </test-method> <!-- tearDown -->
        <test-method is-config="true" signature="shutDown()[pri:0, instance:testcasesBO.TC001_TaxInvoice@47e2e487]" started-at="2023-07-10T16:11:33 IST" name="shutDown" finished-at="2023-07-10T16:11:33 IST" duration-ms="0" status="PASS">
          <reporter-output>
            <line>
              <![CDATA[Shutdown Success!!]]>
            </line>
          </reporter-output>
        </test-method> <!-- shutDown -->
      </class> <!-- testcasesBO.TC001_TaxInvoice -->
    </test> <!-- Default test -->
  </suite> <!-- Default suite -->
</testng-results>
